<?xml version="1.0" encoding="UTF-8"?>
<!-- Generated by org.testng.reporters.JUnitXMLReporter -->
<testsuite ignored="2" hostname="Bharaths-MacBook-Air.local" failures="0" tests="1" name="Default test" time="31.613" errors="0" timestamp="2022-09-21T10:09:44 IST">
  <testcase classname="UserManagement.UMLogin" name="LoginWithoutCheckbox" time="18.618"/>
  <testcase classname="UserManagement.UMLogin" name="LoginWithInvalidDetails" time="0.0">
    <ignored/>
  </testcase> <!-- LoginWithInvalidDetails -->
  <testcase classname="UserManagement.UMLogin" name="LoginWithValidDetails" time="0.0">
    <ignored/>
  </testcase> <!-- LoginWithValidDetails -->
</testsuite> <!-- Default test -->
