<?xml version="1.0" encoding="UTF-8"?>
<testng-results ignored="2" total="3" passed="1" failed="0" skipped="0">
  <reporter-output>
  </reporter-output>
  <suite started-at="2022-09-21T10:09:07 IST" name="Default suite" finished-at="2022-09-21T10:09:38 IST" duration-ms="31613">
    <groups>
    </groups>
    <test started-at="2022-09-21T10:09:07 IST" name="Default test" finished-at="2022-09-21T10:09:38 IST" duration-ms="31613">
      <class name="UserManagement.UMLogin">
        <test-method is-config="true" signature="ConfigApp()[pri:0, instance:UserManagement.UMLogin@2ea41516]" started-at="2022-09-21T10:09:07 IST" name="ConfigApp" finished-at="2022-09-21T10:09:19 IST" duration-ms="12429" status="PASS">
          <reporter-output>
          </reporter-output>
        </test-method> <!-- ConfigApp -->
        <test-method signature="LoginWithoutCheckbox()[pri:0, instance:UserManagement.UMLogin@2ea41516]" started-at="2022-09-21T10:09:19 IST" name="LoginWithoutCheckbox" finished-at="2022-09-21T10:09:38 IST" duration-ms="18618" status="PASS">
          <reporter-output>
          </reporter-output>
        </test-method> <!-- LoginWithoutCheckbox -->
        <test-method is-config="true" signature="CloseApp()[pri:0, instance:UserManagement.UMLogin@2ea41516]" started-at="2022-09-21T10:09:38 IST" name="CloseApp" finished-at="2022-09-21T10:09:38 IST" duration-ms="476" status="PASS">
          <reporter-output>
          </reporter-output>
        </test-method> <!-- CloseApp -->
      </class> <!-- UserManagement.UMLogin -->
    </test> <!-- Default test -->
  </suite> <!-- Default suite -->
</testng-results>
